<?xml version="1.0" encoding="UTF-8"?>
<testng-results ignored="0" total="1" passed="1" failed="0" skipped="0">
  <reporter-output>
  </reporter-output>
  <suite started-at="2024-12-10T21:34:10 WIB" name="Surefire suite" finished-at="2024-12-10T21:34:21 WIB" duration-ms="11282">
    <groups>
    </groups>
    <test started-at="2024-12-10T21:34:10 WIB" name="Surefire test" finished-at="2024-12-10T21:34:21 WIB" duration-ms="11282">
      <class name="com.bda.GetUserCart">
        <test-method is-config="true" signature="setup()[pri:0, instance:com.bda.GetUserCart@57d5872c]" started-at="2024-12-10T21:34:10 WIB" name="setup" finished-at="2024-12-10T21:34:10 WIB" duration-ms="525" status="PASS">
          <reporter-output>
          </reporter-output>
        </test-method> <!-- setup -->
        <test-method signature="testGetSingleCart()[pri:0, instance:com.bda.GetUserCart@57d5872c]" started-at="2024-12-10T21:34:10 WIB" name="testGetSingleCart" finished-at="2024-12-10T21:34:21 WIB" duration-ms="10713" status="PASS">
          <reporter-output>
          </reporter-output>
        </test-method> <!-- testGetSingleCart -->
      </class> <!-- com.bda.GetUserCart -->
    </test> <!-- Surefire test -->
  </suite> <!-- Surefire suite -->
</testng-results>
