<?xml version="1.0" encoding="UTF-8"?>
<testng-results ignored="0" total="7" passed="7" failed="0" skipped="0">
  <reporter-output>
  </reporter-output>
  <suite started-at="2024-12-10T22:20:30 WIB" name="Suite TestNG x Selenium" finished-at="2024-12-10T22:20:37 WIB" duration-ms="7602">
    <groups>
    </groups>
    <test started-at="2024-12-10T22:20:30 WIB" name="Firt My Test" finished-at="2024-12-10T22:20:37 WIB" duration-ms="7602">
      <class name="com.bda.AddNewCart">
        <test-method signature="testAddNewCart()[pri:0, instance:com.bda.AddNewCart@419c5f1a]" started-at="2024-12-10T22:20:36 WIB" name="testAddNewCart" finished-at="2024-12-10T22:20:37 WIB" duration-ms="800" status="PASS">
          <reporter-output>
          </reporter-output>
        </test-method> <!-- testAddNewCart -->
        <test-method is-config="true" signature="setup()[pri:0, instance:com.bda.AddNewCart@419c5f1a]" started-at="2024-12-10T22:20:36 WIB" name="setup" finished-at="2024-12-10T22:20:36 WIB" duration-ms="0" status="PASS">
          <reporter-output>
          </reporter-output>
        </test-method> <!-- setup -->
      </class> <!-- com.bda.AddNewCart -->
      <class name="com.bda.GetSingleCart">
        <test-method is-config="true" signature="setup()[pri:0, instance:com.bda.GetSingleCart@43301423]" started-at="2024-12-10T22:20:32 WIB" name="setup" finished-at="2024-12-10T22:20:32 WIB" duration-ms="0" status="PASS">
          <reporter-output>
          </reporter-output>
        </test-method> <!-- setup -->
        <test-method signature="testGetSingleCart()[pri:0, instance:com.bda.GetSingleCart@43301423]" started-at="2024-12-10T22:20:32 WIB" name="testGetSingleCart" finished-at="2024-12-10T22:20:33 WIB" duration-ms="1344" status="PASS">
          <reporter-output>
          </reporter-output>
        </test-method> <!-- testGetSingleCart -->
      </class> <!-- com.bda.GetSingleCart -->
      <class name="com.bda.LimitResult">
        <test-method is-config="true" signature="setup()[pri:0, instance:com.bda.LimitResult@2f112965]" started-at="2024-12-10T22:20:33 WIB" name="setup" finished-at="2024-12-10T22:20:33 WIB" duration-ms="1" status="PASS">
          <reporter-output>
          </reporter-output>
        </test-method> <!-- setup -->
        <test-method signature="testGetLimitResult()[pri:0, instance:com.bda.LimitResult@2f112965]" started-at="2024-12-10T22:20:33 WIB" name="testGetLimitResult" finished-at="2024-12-10T22:20:34 WIB" duration-ms="860" status="PASS">
          <reporter-output>
          </reporter-output>
        </test-method> <!-- testGetLimitResult -->
      </class> <!-- com.bda.LimitResult -->
      <class name="com.bda.GetAllCart">
        <test-method is-config="true" signature="setup()[pri:0, instance:com.bda.GetAllCart@18ce0030]" started-at="2024-12-10T22:20:30 WIB" name="setup" finished-at="2024-12-10T22:20:30 WIB" duration-ms="555" status="PASS">
          <reporter-output>
          </reporter-output>
        </test-method> <!-- setup -->
        <test-method signature="testGetAllCart()[pri:0, instance:com.bda.GetAllCart@18ce0030]" started-at="2024-12-10T22:20:30 WIB" name="testGetAllCart" finished-at="2024-12-10T22:20:32 WIB" duration-ms="1613" status="PASS">
          <reporter-output>
          </reporter-output>
        </test-method> <!-- testGetAllCart -->
      </class> <!-- com.bda.GetAllCart -->
      <class name="com.bda.SortResult">
        <test-method is-config="true" signature="setup()[pri:0, instance:com.bda.SortResult@163e4e87]" started-at="2024-12-10T22:20:34 WIB" name="setup" finished-at="2024-12-10T22:20:34 WIB" duration-ms="1" status="PASS">
          <reporter-output>
          </reporter-output>
        </test-method> <!-- setup -->
        <test-method signature="testSortResult()[pri:0, instance:com.bda.SortResult@163e4e87]" started-at="2024-12-10T22:20:34 WIB" name="testSortResult" finished-at="2024-12-10T22:20:35 WIB" duration-ms="885" status="PASS">
          <reporter-output>
          </reporter-output>
        </test-method> <!-- testSortResult -->
      </class> <!-- com.bda.SortResult -->
      <class name="com.bda.UpdateCart">
        <test-method is-config="true" signature="setup()[pri:0, instance:com.bda.UpdateCart@12b0404f]" started-at="2024-12-10T22:20:37 WIB" name="setup" finished-at="2024-12-10T22:20:37 WIB" duration-ms="0" status="PASS">
          <reporter-output>
          </reporter-output>
        </test-method> <!-- setup -->
        <test-method signature="testUpdateCart()[pri:0, instance:com.bda.UpdateCart@12b0404f]" started-at="2024-12-10T22:20:37 WIB" name="testUpdateCart" finished-at="2024-12-10T22:20:37 WIB" duration-ms="725" status="PASS">
          <reporter-output>
          </reporter-output>
        </test-method> <!-- testUpdateCart -->
      </class> <!-- com.bda.UpdateCart -->
      <class name="com.bda.GetUserCart">
        <test-method is-config="true" signature="setup()[pri:0, instance:com.bda.GetUserCart@56de5251]" started-at="2024-12-10T22:20:35 WIB" name="setup" finished-at="2024-12-10T22:20:35 WIB" duration-ms="1" status="PASS">
          <reporter-output>
          </reporter-output>
        </test-method> <!-- setup -->
        <test-method signature="testGetUserCart()[pri:0, instance:com.bda.GetUserCart@56de5251]" started-at="2024-12-10T22:20:35 WIB" name="testGetUserCart" finished-at="2024-12-10T22:20:36 WIB" duration-ms="791" status="PASS">
          <reporter-output>
          </reporter-output>
        </test-method> <!-- testGetUserCart -->
      </class> <!-- com.bda.GetUserCart -->
    </test> <!-- Firt My Test -->
  </suite> <!-- Suite TestNG x Selenium -->
</testng-results>
