<?xml version="1.0" encoding="UTF-8"?>
<!-- Generated by org.testng.reporters.JUnitXMLReporter -->
<testsuite ignored="0" hostname="LenovoAsus" failures="0" tests="5" name="Firt My Test" time="6.292" errors="0" timestamp="2024-12-10T16:22:54 WIB">
  <testcase classname="com.bda.GetAllCart" name="testGetAllCart" time="2.007"/>
  <testcase classname="com.bda.GetSingleCart" name="testGetSingleCart" time="0.837"/>
  <testcase classname="com.bda.LimitResult" name="testGetLimitResult" time="1.134"/>
  <testcase classname="com.bda.SortResult" name="testSortResult" time="1.339"/>
  <testcase classname="com.bda.AddNewCart" name="testAddNewCart" time="0.462"/>
</testsuite> <!-- Firt My Test -->
