<?xml version="1.0" encoding="UTF-8"?>
<!-- Generated by org.testng.reporters.JUnitXMLReporter -->
<testsuite ignored="0" hostname="LenovoAsus" failures="0" tests="7" name="Firt My Test" time="7.602" errors="0" timestamp="2024-12-10T22:20:37 WIB">
  <testcase classname="com.bda.GetAllCart" name="testGetAllCart" time="1.613"/>
  <testcase classname="com.bda.GetSingleCart" name="testGetSingleCart" time="1.344"/>
  <testcase classname="com.bda.LimitResult" name="testGetLimitResult" time="0.86"/>
  <testcase classname="com.bda.SortResult" name="testSortResult" time="0.885"/>
  <testcase classname="com.bda.GetUserCart" name="testGetUserCart" time="0.791"/>
  <testcase classname="com.bda.AddNewCart" name="testAddNewCart" time="0.8"/>
  <testcase classname="com.bda.UpdateCart" name="testUpdateCart" time="0.725"/>
</testsuite> <!-- Firt My Test -->
